<?xml version="1.0" encoding="UTF-8"?>
<!-- Generated by org.testng.reporters.JUnitReportReporter -->
<testsuite hostname="LAPTOP-470J3997" failures="0" tests="3" name="com.actitime.testscript.DataProvide" time="12.764" errors="0" timestamp="2025-06-20T22:16:11 IST" skipped="0">
  <testcase classname="com.actitime.testscript.DataProvide" name="login" time="1.265"/>
  <testcase classname="com.actitime.testscript.DataProvide" name="login" time="1.266"/>
  <testcase classname="com.actitime.testscript.DataProvide" name="login" time="10.233"/>
</testsuite> <!-- com.actitime.testscript.DataProvide -->
