<?xml version="1.0" encoding="UTF-8"?>
<!-- Generated by org.testng.reporters.JUnitReportReporter -->
<testsuite hostname="LAPTOP-470J3997" failures="0" tests="1" name="com.actitime.testscript.TestModule" time="1.946" errors="0" timestamp="2025-06-20T15:52:01 IST" skipped="0">
  <testcase classname="com.actitime.testscript.TestModule" name="testTestModule" time="1.946">
    <system-out>
      <![CDATA[CreateTestModule.]]>
    </system-out>
  </testcase> <!-- testTestModule -->
  <system-out>
    <![CDATA[OpenBrowser
OpenBrowser
Login
CreateTestModule.
Logout
Login
CreateProject
Logout
CloseBrowser
CloseBrowser]]>
  </system-out>
</testsuite> <!-- com.actitime.testscript.TestModule -->
