<?xml version="1.0" encoding="UTF-8"?>
<!-- Generated by org.testng.reporters.JUnitReportReporter -->
<testsuite hostname="LAPTOP-470J3997" failures="0" tests="1" name="com.actitime.testscript.ProjectModule" time="1.400" errors="0" timestamp="2025-06-20T15:52:01 IST" skipped="0">
  <testcase classname="com.actitime.testscript.ProjectModule" name="testProjectModule" time="1.400">
    <system-out>
      <![CDATA[CreateProject]]>
    </system-out>
  </testcase> <!-- testProjectModule -->
  <system-out>
    <![CDATA[OpenBrowser
OpenBrowser
Login
CreateTestModule.
Logout
Login
CreateProject
Logout
CloseBrowser
CloseBrowser]]>
  </system-out>
</testsuite> <!-- com.actitime.testscript.ProjectModule -->
